This file contains any messages produced by compilers while
running configure, to aid debugging if configure makes a mistake.

It was created by configure, which was
generated by GNU Autoconf 2.65.  Invocation command line was

  $ ./configure 

## --------- ##
## Platform. ##
## --------- ##

hostname = bogon
uname -m = x86_64
uname -r = 14.1.1
uname -s = Darwin
uname -v = Darwin Kernel Version 14.1.1: Fri Feb  6 21:06:10 PST 2015; root:xnu-2782.15.4~1/RELEASE_X86_64

/usr/bin/uname -p = i386
/bin/uname -X     = unknown

/bin/arch              = unknown
/usr/bin/arch -k       = unknown
/usr/convex/getsysinfo = unknown
/usr/bin/hostinfo      = Mach kernel version:
	 Darwin Kernel Version 14.1.1: Fri Feb  6 21:06:10 PST 2015; root:xnu-2782.15.4~1/RELEASE_X86_64
Kernel configured for up to 4 processors.
2 processors are physically available.
4 processors are logically available.
Processor type: x86_64h (Intel x86-64h Haswell)
Processors active: 0 1 2 3
Primary memory available: 8.00 gigabytes
Default processor set: 229 tasks, 1092 threads, 4 processors
Load average: 1.44, Mach factor: 2.55
/bin/machine           = unknown
/usr/bin/oslevel       = unknown
/bin/universe          = unknown

PATH: /Users/caizixin/php/bin
PATH: /usr/local/go/bin
PATH: /Library/Java/JavaVirtualMachines/1.6.0.jdk/Contents/Home/bin
PATH: /usr/local/bin
PATH: /usr/bin
PATH: /bin
PATH: /usr/sbin
PATH: /sbin
PATH: /usr/local/go/bin


## ----------- ##
## Core tests. ##
## ----------- ##

configure:2352: checking for grep that handles long lines and -e
configure:2410: result: /usr/bin/grep
configure:2415: checking for egrep
configure:2477: result: /usr/bin/grep -E
configure:2482: checking for a sed that does not truncate output
configure:2536: result: /usr/bin/sed
configure:2668: checking for cc
configure:2684: found /usr/bin/cc
configure:2695: result: cc
configure:2726: checking for C compiler version
configure:2735: cc --version >&5
Apple LLVM version 6.0 (clang-600.0.57) (based on LLVM 3.5svn)
Target: x86_64-apple-darwin14.1.1
Thread model: posix
configure:2746: $? = 0
configure:2735: cc -v >&5
Apple LLVM version 6.0 (clang-600.0.57) (based on LLVM 3.5svn)
Target: x86_64-apple-darwin14.1.1
Thread model: posix
configure:2746: $? = 0
configure:2735: cc -V >&5
clang: error: argument to '-V' is missing (expected 1 value)
clang: error: no input files
configure:2746: $? = 1
configure:2735: cc -qversion >&5
clang: error: unknown argument: '-qversion'
clang: error: no input files
configure:2746: $? = 1
configure:2766: checking whether the C compiler works
configure:2788: cc    conftest.c  >&5
configure:2792: $? = 0
configure:2841: result: yes
configure:2844: checking for C compiler default output file name
configure:2846: result: a.out
configure:2852: checking for suffix of executables
configure:2859: cc -o conftest    conftest.c  >&5
configure:2863: $? = 0
configure:2885: result: 
configure:2907: checking whether we are cross compiling
configure:2915: cc -o conftest    conftest.c  >&5
configure:2919: $? = 0
configure:2926: ./conftest
configure:2930: $? = 0
configure:2945: result: no
configure:2950: checking for suffix of object files
configure:2972: cc -c   conftest.c >&5
configure:2976: $? = 0
configure:2997: result: o
configure:3001: checking whether we are using the GNU C compiler
configure:3020: cc -c   conftest.c >&5
configure:3020: $? = 0
configure:3029: result: yes
configure:3038: checking whether cc accepts -g
configure:3058: cc -c -g  conftest.c >&5
configure:3058: $? = 0
configure:3099: result: yes
configure:3116: checking for cc option to accept ISO C89
configure:3180: cc  -c -g -O2  conftest.c >&5
configure:3180: $? = 0
configure:3193: result: none needed
configure:3219: checking how to run the C preprocessor
configure:3250: cc -E  conftest.c
configure:3250: $? = 0
configure:3264: cc -E  conftest.c
conftest.c:9:10: fatal error: 'ac_nonexistent.h' file not found
#include <ac_nonexistent.h>
         ^
1 error generated.
configure:3264: $? = 1
configure: failed program was:
| /* confdefs.h */
| #define PACKAGE_NAME ""
| #define PACKAGE_TARNAME ""
| #define PACKAGE_VERSION ""
| #define PACKAGE_STRING ""
| #define PACKAGE_BUGREPORT ""
| #define PACKAGE_URL ""
| /* end confdefs.h.  */
| #include <ac_nonexistent.h>
configure:3289: result: cc -E
configure:3309: cc -E  conftest.c
configure:3309: $? = 0
configure:3323: cc -E  conftest.c
conftest.c:9:10: fatal error: 'ac_nonexistent.h' file not found
#include <ac_nonexistent.h>
         ^
1 error generated.
configure:3323: $? = 1
configure: failed program was:
| /* confdefs.h */
| #define PACKAGE_NAME ""
| #define PACKAGE_TARNAME ""
| #define PACKAGE_VERSION ""
| #define PACKAGE_STRING ""
| #define PACKAGE_BUGREPORT ""
| #define PACKAGE_URL ""
| /* end confdefs.h.  */
| #include <ac_nonexistent.h>
configure:3354: checking for icc
configure:3363: result: no
configure:3377: checking for suncc
configure:3386: result: no
configure:3404: checking whether cc understands -c and -o together
configure:3432: cc -c conftest.c -o conftest2.o >&5
configure:3436: $? = 0
configure:3442: cc -c conftest.c -o conftest2.o >&5
configure:3446: $? = 0
configure:3501: result: yes
configure:3515: checking for system library directory
configure:3530: result: lib
configure:3537: checking if compiler supports -R
configure:3556: cc -o conftest -g -O2   conftest.c -R /usr/lib  >&5
clang: warning: argument unused during compilation: '-R'
ld: can't map file, errno=22 file '/usr/lib' for architecture x86_64
clang: error: linker command failed with exit code 1 (use -v to see invocation)
configure:3556: $? = 1
configure: failed program was:
| /* confdefs.h */
| #define PACKAGE_NAME ""
| #define PACKAGE_TARNAME ""
| #define PACKAGE_VERSION ""
| #define PACKAGE_STRING ""
| #define PACKAGE_BUGREPORT ""
| #define PACKAGE_URL ""
| /* end confdefs.h.  */
| 
| int
| main ()
| {
| 
|   ;
|   return 0;
| }
configure:3566: result: no
configure:3571: checking if compiler supports -Wl,-rpath,
configure:3590: cc -o conftest -g -O2   conftest.c -Wl,-rpath,/usr/lib  >&5
configure:3590: $? = 0
configure:3600: result: yes
configure:3639: checking build system type
configure:3653: result: x86_64-apple-darwin14.1.1
configure:3673: checking host system type
configure:3686: result: x86_64-apple-darwin14.1.1
configure:3706: checking target system type
configure:3719: result: x86_64-apple-darwin14.1.1
configure:3822: checking for PHP prefix
configure:3824: result: /Users/caizixin/php
configure:3826: checking for PHP includes
configure:3828: result: -I/Users/caizixin/php/include/php -I/Users/caizixin/php/include/php/main -I/Users/caizixin/php/include/php/TSRM -I/Users/caizixin/php/include/php/Zend -I/Users/caizixin/php/include/php/ext -I/Users/caizixin/php/include/php/ext/date/lib
configure:3830: checking for PHP extension directory
configure:3832: result: /Users/caizixin/php/lib/php/extensions/no-debug-non-zts-20121212
configure:3834: checking for PHP installed headers prefix
configure:3836: result: /Users/caizixin/php/include/php
configure:3839: checking if debug is enabled
configure:3865: result: no
configure:3868: checking if zts is enabled
configure:3894: result: no
configure:3965: checking for re2c
configure:3995: result: no
configure:4020: WARNING: You will need re2c 0.13.4 or later if you want to regenerate PHP parsers.
configure:4034: checking for gawk
configure:4065: result: no
configure:4034: checking for nawk
configure:4065: result: no
configure:4034: checking for awk
configure:4051: found /usr/bin/awk
configure:4062: result: awk
configure:4085: checking if awk is broken
configure:4092: result: no
configure:4110: checking whether to enable t2sdk support
configure:4149: result: yes, shared
configure:4223: checking for g++
configure:4239: found /usr/bin/g++
configure:4250: result: g++
configure:4277: checking for C++ compiler version
configure:4286: g++ --version >&5
Apple LLVM version 6.0 (clang-600.0.57) (based on LLVM 3.5svn)
Target: x86_64-apple-darwin14.1.1
Thread model: posix
Configured with: --prefix=/Library/Developer/CommandLineTools/usr --with-gxx-include-dir=/usr/include/c++/4.2.1
configure:4297: $? = 0
configure:4286: g++ -v >&5
Configured with: --prefix=/Library/Developer/CommandLineTools/usr --with-gxx-include-dir=/usr/include/c++/4.2.1
Apple LLVM version 6.0 (clang-600.0.57) (based on LLVM 3.5svn)
Target: x86_64-apple-darwin14.1.1
Thread model: posix
configure:4297: $? = 0
configure:4286: g++ -V >&5
clang: error: argument to '-V' is missing (expected 1 value)
clang: error: no input files
configure:4297: $? = 1
configure:4286: g++ -qversion >&5
clang: error: unknown argument: '-qversion'
clang: error: no input files
configure:4297: $? = 1
configure:4301: checking whether we are using the GNU C++ compiler
configure:4320: g++ -c   conftest.cpp >&5
configure:4320: $? = 0
configure:4329: result: yes
configure:4338: checking whether g++ accepts -g
configure:4358: g++ -c -g  conftest.cpp >&5
configure:4358: $? = 0
configure:4399: result: yes
configure:4427: checking how to run the C++ preprocessor
configure:4454: g++ -E  conftest.cpp
configure:4454: $? = 0
configure:4468: g++ -E  conftest.cpp
conftest.cpp:9:10: fatal error: 'ac_nonexistent.h' file not found
#include <ac_nonexistent.h>
         ^
1 error generated.
configure:4468: $? = 1
configure: failed program was:
| /* confdefs.h */
| #define PACKAGE_NAME ""
| #define PACKAGE_TARNAME ""
| #define PACKAGE_VERSION ""
| #define PACKAGE_STRING ""
| #define PACKAGE_BUGREPORT ""
| #define PACKAGE_URL ""
| /* end confdefs.h.  */
| #include <ac_nonexistent.h>
configure:4493: result: g++ -E
configure:4513: g++ -E  conftest.cpp
configure:4513: $? = 0
configure:4527: g++ -E  conftest.cpp
conftest.cpp:9:10: fatal error: 'ac_nonexistent.h' file not found
#include <ac_nonexistent.h>
         ^
1 error generated.
configure:4527: $? = 1
configure: failed program was:
| /* confdefs.h */
| #define PACKAGE_NAME ""
| #define PACKAGE_TARNAME ""
| #define PACKAGE_VERSION ""
| #define PACKAGE_STRING ""
| #define PACKAGE_BUGREPORT ""
| #define PACKAGE_URL ""
| /* end confdefs.h.  */
| #include <ac_nonexistent.h>
configure:4977: checking for ld used by cc
configure:5044: result: /Library/Developer/CommandLineTools/usr/bin/ld
configure:5051: checking if the linker (/Library/Developer/CommandLineTools/usr/bin/ld) is GNU ld
configure:5066: result: no
configure:5071: checking for /Library/Developer/CommandLineTools/usr/bin/ld option to reload object files
configure:5078: result: -r
configure:5096: checking for BSD-compatible nm
configure:5145: result: /usr/bin/nm
configure:5149: checking whether ln -s works
configure:5153: result: yes
configure:5160: checking how to recognize dependent libraries
configure:5346: result: pass_all
configure:5564: checking for ANSI C header files
configure:5584: cc -c -g -O2  conftest.c >&5
configure:5584: $? = 0
configure:5657: cc -o conftest -g -O2   conftest.c -lstdc++  >&5
configure:5657: $? = 0
configure:5657: ./conftest
configure:5657: $? = 0
configure:5668: result: yes
configure:5681: checking for sys/types.h
configure:5681: cc -c -g -O2  conftest.c >&5
configure:5681: $? = 0
configure:5681: result: yes
configure:5681: checking for sys/stat.h
configure:5681: cc -c -g -O2  conftest.c >&5
configure:5681: $? = 0
configure:5681: result: yes
configure:5681: checking for stdlib.h
configure:5681: cc -c -g -O2  conftest.c >&5
configure:5681: $? = 0
configure:5681: result: yes
configure:5681: checking for string.h
configure:5681: cc -c -g -O2  conftest.c >&5
configure:5681: $? = 0
configure:5681: result: yes
configure:5681: checking for memory.h
configure:5681: cc -c -g -O2  conftest.c >&5
configure:5681: $? = 0
configure:5681: result: yes
configure:5681: checking for strings.h
configure:5681: cc -c -g -O2  conftest.c >&5
configure:5681: $? = 0
configure:5681: result: yes
configure:5681: checking for inttypes.h
configure:5681: cc -c -g -O2  conftest.c >&5
configure:5681: $? = 0
configure:5681: result: yes
configure:5681: checking for stdint.h
configure:5681: cc -c -g -O2  conftest.c >&5
configure:5681: $? = 0
configure:5681: result: yes
configure:5681: checking for unistd.h
configure:5681: cc -c -g -O2  conftest.c >&5
configure:5681: $? = 0
configure:5681: result: yes
configure:5696: checking dlfcn.h usability
configure:5696: cc -c -g -O2  conftest.c >&5
configure:5696: $? = 0
configure:5696: result: yes
configure:5696: checking dlfcn.h presence
configure:5696: cc -E  conftest.c
configure:5696: $? = 0
configure:5696: result: yes
configure:5696: checking for dlfcn.h
configure:5696: result: yes
configure:5716: checking how to run the C++ preprocessor
configure:5782: result: g++ -E
configure:5802: g++ -E  conftest.cpp
configure:5802: $? = 0
configure:5816: g++ -E  conftest.cpp
conftest.cpp:21:10: fatal error: 'ac_nonexistent.h' file not found
#include <ac_nonexistent.h>
         ^
1 error generated.
configure:5816: $? = 1
configure: failed program was:
| /* confdefs.h */
| #define PACKAGE_NAME ""
| #define PACKAGE_TARNAME ""
| #define PACKAGE_VERSION ""
| #define PACKAGE_STRING ""
| #define PACKAGE_BUGREPORT ""
| #define PACKAGE_URL ""
| #define COMPILE_DL_T2SDK 1
| #define STDC_HEADERS 1
| #define HAVE_SYS_TYPES_H 1
| #define HAVE_SYS_STAT_H 1
| #define HAVE_STDLIB_H 1
| #define HAVE_STRING_H 1
| #define HAVE_MEMORY_H 1
| #define HAVE_STRINGS_H 1
| #define HAVE_INTTYPES_H 1
| #define HAVE_STDINT_H 1
| #define HAVE_UNISTD_H 1
| #define HAVE_DLFCN_H 1
| /* end confdefs.h.  */
| #include <ac_nonexistent.h>
configure:5849: checking the maximum length of command line arguments
configure:5961: result: 196608
configure:5973: checking command to parse /usr/bin/nm output from cc object
configure:6078: g++ -c -g -O2  conftest.cpp >&5
configure:6081: $? = 0
configure:6085: /usr/bin/nm conftest.o \| sed -n -e 's/^.*[ 	]\([BCDEGRST][BCDEGRST]*\)[ 	][ 	]*\([_A-Za-z][_A-Za-z0-9]*\)$/\1 \2 \2/p' \> conftest.nm
configure:6088: $? = 0
cannot find nm_test_var in conftest.nm
configure:6078: g++ -c -g -O2  conftest.cpp >&5
configure:6081: $? = 0
configure:6085: /usr/bin/nm conftest.o \| sed -n -e 's/^.*[ 	]\([BCDEGRST][BCDEGRST]*\)[ 	][ 	]*_\([_A-Za-z][_A-Za-z0-9]*\)$/\1 _\2 \2/p' \> conftest.nm
configure:6088: $? = 0
configure:6140: g++ -o conftest -g -O2   conftest.cpp conftstm.o >&5
configure:6143: $? = 0
configure:6181: result: ok
configure:6185: checking for objdir
configure:6200: result: .libs
configure:6292: checking for ar
configure:6308: found /usr/bin/ar
configure:6319: result: ar
configure:6384: checking for ranlib
configure:6400: found /usr/bin/ranlib
configure:6411: result: ranlib
configure:6476: checking for strip
configure:6492: found /usr/bin/strip
configure:6503: result: strip
configure:6756: checking for dsymutil
configure:6772: found /usr/bin/dsymutil
configure:6783: result: dsymutil
configure:6848: checking for nmedit
configure:6864: found /usr/bin/nmedit
configure:6875: result: nmedit
configure:6898: checking for -single_module linker flag
configure:6919: result: yes
configure:6921: checking for -exported_symbols_list linker flag
configure:6937: g++ -o conftest -g -O2   -Wl,-exported_symbols_list,conftest.sym conftest.cpp -lstdc++  >&5
configure:6940: $? = 0
configure:6954: result: yes
configure:7072: checking if cc supports -fno-rtti -fno-exceptions
configure:7090: cc -c -g -O2  -fno-rtti -fno-exceptions conftest.c >&5
configure:7094: $? = 0
configure:7107: result: yes
configure:7122: checking for cc option to produce PIC
configure:7362: result: -fno-common
configure:7370: checking if cc PIC flag -fno-common works
configure:7388: cc -c -g -O2  -fno-common -DPIC conftest.c >&5
configure:7392: $? = 0
configure:7405: result: yes
configure:7433: checking if cc static flag -static works
configure:7461: result: no
configure:7471: checking if cc supports -c -o file.o
configure:7492: cc -c -g -O2  -o out/conftest2.o conftest.c >&5
configure:7496: $? = 0
configure:7518: result: yes
configure:7544: checking whether the cc linker (/Library/Developer/CommandLineTools/usr/bin/ld) supports shared libraries
configure:8472: result: yes
configure:8539: checking dynamic linker characteristics
configure:9137: result: darwin14.1.1 dyld
configure:9161: checking how to hardcode library paths into programs
configure:9186: result: immediate
configure:9200: checking whether stripping libraries is possible
configure:9214: result: yes
configure:9722: checking if libtool supports shared libraries
configure:9724: result: yes
configure:9727: checking whether to build shared libraries
configure:9748: result: yes
configure:9751: checking whether to build static libraries
configure:9755: result: no
configure:9850: result:
creating libtool
configure:10441: checking for ld used by g++
configure:10508: result: /Library/Developer/CommandLineTools/usr/bin/ld
configure:10515: checking if the linker (/Library/Developer/CommandLineTools/usr/bin/ld) is GNU ld
configure:10530: result: no
configure:10581: checking whether the g++ linker (/Library/Developer/CommandLineTools/usr/bin/ld) supports shared libraries
configure:11479: result: yes
configure:11500: g++ -c -g -O2  conftest.cpp >&5
configure:11503: $? = 0
configure:11659: checking for g++ option to produce PIC
configure:11949: result: -fno-common
configure:11957: checking if g++ PIC flag -fno-common works
configure:11975: g++ -c -g -O2  -fno-common -DPIC conftest.cpp >&5
configure:11979: $? = 0
configure:11992: result: yes
configure:12020: checking if g++ static flag -static works
configure:12048: result: no
configure:12058: checking if g++ supports -c -o file.o
configure:12079: g++ -c -g -O2  -o out/conftest2.o conftest.cpp >&5
configure:12083: $? = 0
configure:12105: result: yes
configure:12131: checking whether the g++ linker (/Library/Developer/CommandLineTools/usr/bin/ld) supports shared libraries
configure:12157: result: yes
configure:12224: checking dynamic linker characteristics
configure:12770: result: darwin14.1.1 dyld
configure:12794: checking how to hardcode library paths into programs
configure:12819: result: immediate
configure:13537: creating ./config.status

## ---------------------- ##
## Running config.status. ##
## ---------------------- ##

This file was extended by config.status, which was
generated by GNU Autoconf 2.65.  Invocation command line was

  CONFIG_FILES    = 
  CONFIG_HEADERS  = 
  CONFIG_LINKS    = 
  CONFIG_COMMANDS = 
  $ ./config.status 

on bogon

config.status:680: creating config.h
config.status:770: config.h is unchanged

## ---------------- ##
## Cache variables. ##
## ---------------- ##

ac_cv_build=x86_64-apple-darwin14.1.1
ac_cv_c_compiler_gnu=yes
ac_cv_cxx_compiler_gnu=yes
ac_cv_env_CCC_set=
ac_cv_env_CCC_value=
ac_cv_env_CC_set=
ac_cv_env_CC_value=
ac_cv_env_CFLAGS_set=
ac_cv_env_CFLAGS_value=
ac_cv_env_CPPFLAGS_set=
ac_cv_env_CPPFLAGS_value=
ac_cv_env_CPP_set=
ac_cv_env_CPP_value=
ac_cv_env_CXXCPP_set=
ac_cv_env_CXXCPP_value=
ac_cv_env_CXXFLAGS_set=
ac_cv_env_CXXFLAGS_value=
ac_cv_env_CXX_set=
ac_cv_env_CXX_value=
ac_cv_env_LDFLAGS_set=
ac_cv_env_LDFLAGS_value=
ac_cv_env_LIBS_set=
ac_cv_env_LIBS_value=
ac_cv_env_build_alias_set=
ac_cv_env_build_alias_value=
ac_cv_env_host_alias_set=
ac_cv_env_host_alias_value=
ac_cv_env_target_alias_set=
ac_cv_env_target_alias_value=
ac_cv_header_dlfcn_h=yes
ac_cv_header_inttypes_h=yes
ac_cv_header_memory_h=yes
ac_cv_header_stdc=yes
ac_cv_header_stdint_h=yes
ac_cv_header_stdlib_h=yes
ac_cv_header_string_h=yes
ac_cv_header_strings_h=yes
ac_cv_header_sys_stat_h=yes
ac_cv_header_sys_types_h=yes
ac_cv_header_unistd_h=yes
ac_cv_host=x86_64-apple-darwin14.1.1
ac_cv_objext=o
ac_cv_path_EGREP='/usr/bin/grep -E'
ac_cv_path_GREP=/usr/bin/grep
ac_cv_prog_AWK=awk
ac_cv_prog_CPP='cc -E'
ac_cv_prog_CXXCPP='g++ -E'
ac_cv_prog_ac_ct_AR=ar
ac_cv_prog_ac_ct_CC=cc
ac_cv_prog_ac_ct_CXX=g++
ac_cv_prog_ac_ct_DSYMUTIL=dsymutil
ac_cv_prog_ac_ct_NMEDIT=nmedit
ac_cv_prog_ac_ct_RANLIB=ranlib
ac_cv_prog_ac_ct_STRIP=strip
ac_cv_prog_cc_c89=
ac_cv_prog_cc_cc_c_o=yes
ac_cv_prog_cc_g=yes
ac_cv_prog_cxx_g=yes
ac_cv_target=x86_64-apple-darwin14.1.1
lt_cv_apple_cc_single_mod=yes
lt_cv_deplibs_check_method=pass_all
lt_cv_file_magic_cmd='$MAGIC_CMD'
lt_cv_file_magic_test_file=
lt_cv_ld_exported_symbols_list=yes
lt_cv_ld_reload_flag=-r
lt_cv_objdir=.libs
lt_cv_path_LD=/Library/Developer/CommandLineTools/usr/bin/ld
lt_cv_path_LDCXX=/Library/Developer/CommandLineTools/usr/bin/ld
lt_cv_path_NM=/usr/bin/nm
lt_cv_path_SED=/usr/bin/sed
lt_cv_prog_compiler_c_o=yes
lt_cv_prog_compiler_c_o_CXX=yes
lt_cv_prog_compiler_pic_works=yes
lt_cv_prog_compiler_pic_works_CXX=yes
lt_cv_prog_compiler_rtti_exceptions=yes
lt_cv_prog_compiler_static_works=no
lt_cv_prog_compiler_static_works_CXX=no
lt_cv_prog_gnu_ld=no
lt_cv_prog_gnu_ldcxx=no
lt_cv_sys_global_symbol_pipe='sed -n -e '\''s/^.*[ 	]\([BCDEGRST][BCDEGRST]*\)[ 	][ 	]*_\([_A-Za-z][_A-Za-z0-9]*\)$/\1 _\2 \2/p'\'''
lt_cv_sys_global_symbol_to_c_name_address='sed -n -e '\''s/^: \([^ ]*\) $/  {\"\1\", (lt_ptr) 0},/p'\'' -e '\''s/^[BCDEGRST] \([^ ]*\) \([^ ]*\)$/  {"\2", (lt_ptr) \&\2},/p'\'''
lt_cv_sys_global_symbol_to_cdecl='sed -n -e '\''s/^. .* \(.*\)$/extern int \1;/p'\'''
lt_cv_sys_lib_dlsearch_path_spec='/usr/local/lib /lib /usr/lib'
lt_cv_sys_lib_search_path_spec='/Library/Developer/CommandLineTools/usr/lib/clang/6.0 /usr/local/lib'
lt_cv_sys_max_cmd_len=196608
lt_lt_cv_prog_compiler_c_o='"yes"'
lt_lt_cv_prog_compiler_c_o_CXX='"yes"'
lt_lt_cv_sys_global_symbol_pipe='"sed -n -e '\''s/^.*[ 	]\\([BCDEGRST][BCDEGRST]*\\)[ 	][ 	]*_\\([_A-Za-z][_A-Za-z0-9]*\\)\$/\\1 _\\2 \\2/p'\''"'
lt_lt_cv_sys_global_symbol_to_c_name_address='"sed -n -e '\''s/^: \\([^ ]*\\) \$/  {\\\"\\1\\\", (lt_ptr) 0},/p'\'' -e '\''s/^[BCDEGRST] \\([^ ]*\\) \\([^ ]*\\)\$/  {\"\\2\", (lt_ptr) \\&\\2},/p'\''"'
lt_lt_cv_sys_global_symbol_to_cdecl='"sed -n -e '\''s/^. .* \\(.*\\)\$/extern int \\1;/p'\''"'
php_cv_cc_dashr=no
php_cv_cc_rpath=yes

## ----------------- ##
## Output variables. ##
## ----------------- ##

AR='ar'
AWK='awk'
CC='cc'
CFLAGS='-g -O2'
CONFIGURE_COMMAND=' '\''./configure'\'' '
CONFIGURE_OPTIONS=''
CPP='cc -E'
CPPFLAGS=' -DHAVE_CONFIG_H'
CXX='g++'
CXXCPP='g++ -E'
CXXFLAGS='-g -O2'
DEFS='-DHAVE_CONFIG_H'
DSYMUTIL='dsymutil'
ECHO='/bin/echo'
ECHO_C='\c'
ECHO_N=''
ECHO_T=''
EGREP='/usr/bin/grep -E'
EXEEXT=''
GREP='/usr/bin/grep'
LDFLAGS=''
LIBOBJS=''
LIBS='-lstdc++ '
LIBTOOL='$(SHELL) $(top_builddir)/libtool'
LN_S='ln -s'
LTLIBOBJS=''
NMEDIT='nmedit'
OBJEXT='o'
PACKAGE_BUGREPORT=''
PACKAGE_NAME=''
PACKAGE_STRING=''
PACKAGE_TARNAME=''
PACKAGE_URL=''
PACKAGE_VERSION=''
PATH_SEPARATOR=':'
RANLIB='ranlib'
RE2C='exit 0;'
SED='/usr/bin/sed'
SHELL='/bin/sh'
SHLIB_DL_SUFFIX_NAME='so'
SHLIB_SUFFIX_NAME='dylib'
STRIP='strip'
ac_ct_CC='cc'
ac_ct_CXX='g++'
bindir='${exec_prefix}/bin'
build='x86_64-apple-darwin14.1.1'
build_alias=''
build_cpu='x86_64'
build_os='darwin14.1.1'
build_vendor='apple'
datadir='${datarootdir}'
datarootdir='${prefix}/share'
docdir='${datarootdir}/doc/${PACKAGE}'
dvidir='${docdir}'
exec_prefix='$(prefix)'
host='x86_64-apple-darwin14.1.1'
host_alias='x86_64-apple-darwin14.1.1'
host_cpu='x86_64'
host_os='darwin14.1.1'
host_vendor='apple'
htmldir='${docdir}'
includedir='${prefix}/include'
infodir='${datarootdir}/info'
libdir='${exec_prefix}/lib'
libexecdir='${exec_prefix}/libexec'
localedir='${datarootdir}/locale'
localstatedir='${prefix}/var'
mandir='${datarootdir}/man'
oldincludedir='/usr/include'
pdfdir='${docdir}'
prefix='/Users/caizixin/php'
program_transform_name='s,x,x,'
psdir='${docdir}'
sbindir='${exec_prefix}/sbin'
sharedstatedir='${prefix}/com'
sysconfdir='${prefix}/etc'
target='x86_64-apple-darwin14.1.1'
target_alias=''
target_cpu='x86_64'
target_os='darwin14.1.1'
target_vendor='apple'

## ----------- ##
## confdefs.h. ##
## ----------- ##

/* confdefs.h */
#define PACKAGE_NAME ""
#define PACKAGE_TARNAME ""
#define PACKAGE_VERSION ""
#define PACKAGE_STRING ""
#define PACKAGE_BUGREPORT ""
#define PACKAGE_URL ""
#define COMPILE_DL_T2SDK 1
#define STDC_HEADERS 1
#define HAVE_SYS_TYPES_H 1
#define HAVE_SYS_STAT_H 1
#define HAVE_STDLIB_H 1
#define HAVE_STRING_H 1
#define HAVE_MEMORY_H 1
#define HAVE_STRINGS_H 1
#define HAVE_INTTYPES_H 1
#define HAVE_STDINT_H 1
#define HAVE_UNISTD_H 1
#define HAVE_DLFCN_H 1

configure: exit 0
